  main.cpp
D:\3 курс, 1 сем\Курсовой\Project\Project\SnakeHead.h(7,50): warning C4244: аргумент: преобразование "float" в "T", возможна потеря данных
          with
          [
              T=int
          ]
D:\3 курс, 1 сем\Курсовой\Project\Project\SnakeHead.h(7,47): warning C4244: аргумент: преобразование "float" в "T", возможна потеря данных
          with
          [
              T=int
          ]
D:\3 курс, 1 сем\Курсовой\Project\Project\SnakeHead.h(7,42): warning C4244: аргумент: преобразование "float" в "T", возможна потеря данных
          with
          [
              T=int
          ]
D:\3 курс, 1 сем\Курсовой\Project\Project\SnakeHead.h(7,35): warning C4244: аргумент: преобразование "float" в "T", возможна потеря данных
          with
          [
              T=int
          ]
D:\3 курс, 1 сем\Курсовой\Project\Project\SnakeBody.h(7,50): warning C4244: аргумент: преобразование "float" в "T", возможна потеря данных
          with
          [
              T=int
          ]
D:\3 курс, 1 сем\Курсовой\Project\Project\SnakeBody.h(7,47): warning C4244: аргумент: преобразование "float" в "T", возможна потеря данных
          with
          [
              T=int
          ]
D:\3 курс, 1 сем\Курсовой\Project\Project\SnakeBody.h(7,42): warning C4244: аргумент: преобразование "float" в "T", возможна потеря данных
          with
          [
              T=int
          ]
D:\3 курс, 1 сем\Курсовой\Project\Project\SnakeBody.h(7,35): warning C4244: аргумент: преобразование "float" в "T", возможна потеря данных
          with
          [
              T=int
          ]
D:\3 курс, 1 сем\Курсовой\Project\Project\SnakeTail.h(7,50): warning C4244: аргумент: преобразование "float" в "T", возможна потеря данных
          with
          [
              T=int
          ]
D:\3 курс, 1 сем\Курсовой\Project\Project\SnakeTail.h(7,47): warning C4244: аргумент: преобразование "float" в "T", возможна потеря данных
          with
          [
              T=int
          ]
D:\3 курс, 1 сем\Курсовой\Project\Project\SnakeTail.h(7,42): warning C4244: аргумент: преобразование "float" в "T", возможна потеря данных
          with
          [
              T=int
          ]
D:\3 курс, 1 сем\Курсовой\Project\Project\SnakeTail.h(7,35): warning C4244: аргумент: преобразование "float" в "T", возможна потеря данных
          with
          [
              T=int
          ]
D:\3 курс, 1 сем\Курсовой\Project\Project\main.cpp(32,15): warning C4244: инициализация: преобразование "sf::Int64" в "float", возможна потеря данных
D:\3 курс, 1 сем\Курсовой\Project\Project\main.cpp(89,30): warning C4305: =: усечение из "double" в "float"
D:\3 курс, 1 сем\Курсовой\Project\Project\main.cpp(94,30): warning C4305: =: усечение из "double" в "float"
D:\3 курс, 1 сем\Курсовой\Project\Project\main.cpp(99,30): warning C4305: =: усечение из "double" в "float"
D:\3 курс, 1 сем\Курсовой\Project\Project\main.cpp(104,30): warning C4305: =: усечение из "double" в "float"
  Project.vcxproj -> D:\3 курс, 1 сем\Курсовой\Project\Debug\Project.exe
